c:\dev\c++\runicdepths\x64\debug\vc142.pdb
c:\dev\c++\runicdepths\x64\debug\vc142.idb
c:\dev\c++\runicdepths\x64\debug\player.obj
c:\dev\c++\runicdepths\x64\debug\main.obj
c:\dev\c++\runicdepths\x64\debug\imgui_widgets.obj
c:\dev\c++\runicdepths\x64\debug\imgui_tables.obj
c:\dev\c++\runicdepths\x64\debug\imgui_stdlib.obj
c:\dev\c++\runicdepths\x64\debug\imgui_impl_opengl3.obj
c:\dev\c++\runicdepths\x64\debug\imgui_impl_glfw.obj
c:\dev\c++\runicdepths\x64\debug\imgui_draw.obj
c:\dev\c++\runicdepths\x64\debug\imgui_demo.obj
c:\dev\c++\runicdepths\x64\debug\imgui.obj
c:\dev\c++\runicdepths\x64\debug\glm.obj
c:\dev\c++\runicdepths\x64\debug\rendermanager.obj
c:\dev\c++\runicdepths\x64\debug\mesh.obj
c:\dev\c++\runicdepths\x64\debug\shader.obj
c:\dev\c++\runicdepths\x64\debug\rendercommands.obj
c:\dev\c++\runicdepths\x64\debug\helpers.obj
c:\dev\c++\runicdepths\x64\debug\window.obj
c:\dev\c++\runicdepths\x64\debug\imguiwindow.obj
c:\dev\c++\runicdepths\x64\debug\engine.obj
c:\dev\c++\runicdepths\x64\debug\glad.obj
c:\dev\c++\runicdepths\x64\debug\framebuffer.obj
c:\dev\c++\runicdepths\debug\runicdepths.exe
c:\dev\c++\runicdepths\x64\debug\runicdepths.ilk
c:\dev\c++\runicdepths\debug\runicdepths.pdb
c:\dev\c++\runicdepths\x64\debug\runicdepths.tlog\cl.command.1.tlog
c:\dev\c++\runicdepths\x64\debug\runicdepths.tlog\cl.read.1.tlog
c:\dev\c++\runicdepths\x64\debug\runicdepths.tlog\cl.write.1.tlog
c:\dev\c++\runicdepths\x64\debug\runicdepths.tlog\link.command.1.tlog
c:\dev\c++\runicdepths\x64\debug\runicdepths.tlog\link.read.1.tlog
c:\dev\c++\runicdepths\x64\debug\runicdepths.tlog\link.write.1.tlog
