  texture.cpp
  main.cpp
C:\dev\C++\runicdepths\Libraries\include\antibox\core\mathlib.h(6,55): warning C4244: 'return': conversion from 'int' to 'float', possible loss of data
C:\dev\C++\runicdepths\Libraries\include\antibox\core\mathlib.h(22,1): warning C4099: 'Vector2_I': type name first seen using 'class' now seen using 'struct'
C:\dev\C++\runicdepths\Libraries\include\antibox\core\mathlib.h(21): message : see declaration of 'Vector2_I'
C:\dev\C++\runicdepths\Libraries\include\antibox\core\mathlib.h(37,1): warning C4099: 'Vector2': type name first seen using 'class' now seen using 'struct'
C:\dev\C++\runicdepths\Libraries\include\antibox\core\mathlib.h(36): message : see declaration of 'Vector2'
C:\dev\C++\runicdepths\GameStuff\map.h(133,1): warning C4267: '=': conversion from 'size_t' to 'int', possible loss of data
C:\dev\C++\runicdepths\GameStuff\map.h(140,1): warning C4267: '=': conversion from 'size_t' to 'int', possible loss of data
C:\dev\C++\runicdepths\GameStuff\map.h(147,1): warning C4267: '=': conversion from 'size_t' to 'int', possible loss of data
C:\dev\C++\runicdepths\GameStuff\map.h(154,1): warning C4267: '=': conversion from 'size_t' to 'int', possible loss of data
C:\dev\C++\runicdepths\GameStuff\map.h(169,21): warning C4244: 'initializing': conversion from 'float' to 'int', possible loss of data
C:\dev\C++\runicdepths\GameStuff\map.h(255,7): warning C4101: 'id': unreferenced local variable
C:\dev\C++\runicdepths\GameStuff\game.h(105,57): warning C4267: '=': conversion from 'size_t' to 'int', possible loss of data
C:\dev\C++\runicdepths\GameStuff\game.h(254,27): warning C4305: 'argument': truncation from 'double' to 'float'
C:\dev\C++\runicdepths\GameStuff\game.h(257,29): warning C4305: 'argument': truncation from 'double' to 'float'
C:\dev\C++\runicdepths\GameStuff\game.h(260,27): warning C4305: 'argument': truncation from 'double' to 'float'
C:\dev\C++\runicdepths\main.cpp(43,1): warning C4305: 'initializing': truncation from 'double' to 'float'
C:\dev\C++\runicdepths\main.cpp(77,1): warning C4267: '=': conversion from 'size_t' to 'int', possible loss of data
C:\dev\C++\runicdepths\main.cpp(172,1): warning C4305: 'argument': truncation from 'double' to 'float'
C:\dev\C++\runicdepths\main.cpp(173,1): warning C4305: 'argument': truncation from 'double' to 'float'
C:\dev\C++\runicdepths\main.cpp(179,1): warning C4305: 'argument': truncation from 'double' to 'float'
C:\dev\C++\runicdepths\main.cpp(186,1): warning C4305: 'argument': truncation from 'double' to 'float'
C:\dev\C++\runicdepths\main.cpp(187,1): warning C4305: 'argument': truncation from 'double' to 'float'
C:\dev\C++\runicdepths\main.cpp(188,1): warning C4305: 'argument': truncation from 'double' to 'float'
C:\dev\C++\runicdepths\main.cpp(193,1): warning C4305: 'argument': truncation from 'double' to 'float'
C:\dev\C++\runicdepths\main.cpp(248,1): warning C4305: 'argument': truncation from 'double' to 'float'
C:\dev\C++\runicdepths\main.cpp(305,60): warning C4244: '=': conversion from 'double' to 'float', possible loss of data
C:\dev\C++\runicdepths\main.cpp(312,38): warning C4244: 'argument': conversion from 'double' to 'float', possible loss of data
  Generating Code...
  runicdepths.vcxproj -> C:\dev\C++\runicdepths\Debug\runicdepths.exe
